<?xml version="1.0" encoding="UTF-8"?>
<testsuite name="co.com.qvision.test.runners.PruebaQVision" tests="0" skipped="0" failures="0" errors="0" timestamp="1970-01-01T00:00:00" hostname="DESKTOP-HFRMDRT" time="0.0">
  <properties/>
  <system-out><![CDATA[
?[31mFailed scenarios:?[0m
?[31msrc/test/resources/features/prueba_QVision.feature:10 ?[0m# ana inicia se registra en la pagina y realiza una compra exitosamente

1 Scenarios (?[31m1 failed?[0m)
3 Steps (?[31m1 failed?[0m, ?[36m2 skipped?[0m)
0m21,215s

java.lang.AssertionError: 
Expected: an element that is visible
     but: no matching element found by id: id_gender1
	at net.serenitybdd.screenplay.ErrorTally.throwSummaryExceptionFrom(ErrorTally.java:36)
	at net.serenitybdd.screenplay.ErrorTally.reportAnyErrors(ErrorTally.java:30)
	at net.serenitybdd.screenplay.Actor.should(Actor.java:301)
	at net.serenitybdd.screenplay.waits.WaitUntilTargetIsReady.performAs(WaitUntilTargetIsReady.java:27)
	at net.serenitybdd.screenplay.waits.WaitUntilTargetIsReady$$EnhancerByCGLIB$$ee0d67ad.CGLIB$performAs$0(<generated>)
	at net.serenitybdd.screenplay.waits.WaitUntilTargetIsReady$$EnhancerByCGLIB$$ee0d67ad$$FastClassByCGLIB$$748b1083.invoke(<generated>)
	at net.sf.cglib.proxy.MethodProxy.invokeSuper(MethodProxy.java:228)
	at net.thucydides.core.steps.StepInterceptor.invokeMethod(StepInterceptor.java:461)
	at net.thucydides.core.steps.StepInterceptor.runBaseObjectMethod(StepInterceptor.java:364)
	at net.thucydides.core.steps.StepInterceptor.intercept(StepInterceptor.java:67)
	at net.serenitybdd.screenplay.waits.WaitUntilTargetIsReady$$EnhancerByCGLIB$$ee0d67ad.performAs(<generated>)
	at net.serenitybdd.screenplay.Actor.performTask(Actor.java:233)
	at net.serenitybdd.screenplay.Actor.perform(Actor.java:214)
	at net.serenitybdd.screenplay.Actor.performSilently(Actor.java:194)
	at net.serenitybdd.screenplay.Actor.attemptsTo(Actor.java:167)
	at co.com.prueba.qvision.tasks.RegistroUsuario.performAs(RegistroUsuario.java:29)
	at co.com.prueba.qvision.tasks.RegistroUsuario$$EnhancerByCGLIB$$944d7ec.CGLIB$performAs$0(<generated>)
	at co.com.prueba.qvision.tasks.RegistroUsuario$$EnhancerByCGLIB$$944d7ec$$FastClassByCGLIB$$792a223c.invoke(<generated>)
	at net.sf.cglib.proxy.MethodProxy.invokeSuper(MethodProxy.java:228)
	at net.thucydides.core.steps.StepInterceptor.invokeMethod(StepInterceptor.java:461)
	at net.thucydides.core.steps.StepInterceptor.executeTestStepMethod(StepInterceptor.java:446)
	at net.thucydides.core.steps.StepInterceptor.runTestStep(StepInterceptor.java:421)
	at net.thucydides.core.steps.StepInterceptor.runOrSkipMethod(StepInterceptor.java:176)
	at net.thucydides.core.steps.StepInterceptor.testStepResult(StepInterceptor.java:163)
	at net.thucydides.core.steps.StepInterceptor.intercept(StepInterceptor.java:69)
	at co.com.prueba.qvision.tasks.RegistroUsuario$$EnhancerByCGLIB$$944d7ec.performAs(<generated>)
	at net.serenitybdd.screenplay.Actor.performTask(Actor.java:233)
	at net.serenitybdd.screenplay.Actor.perform(Actor.java:214)
	at net.serenitybdd.screenplay.Actor.attemptsTo(Actor.java:171)
	at co.com.qvision.test.stepdefinitions.PruebaQVisionStepDefinitions.meganSeRegistraEnLaPaginaConSusDatosBasicosNombreApellidoYTelefonoYSuEmail(PruebaQVisionStepDefinitions.java:28)
	at ✽.megan se registra en la pagina con sus datos basicos nombre "Luis Fernando" apellido "Mercado" y telefono "3185548721" y su email "correo@correo.com"(src/test/resources/features/prueba_QVision.feature:4)

]]></system-out>
  <system-err><![CDATA[[Test worker] INFO net.thucydides.core.steps.ConsoleLoggingListener - ?[96m

-------------------------------------------------------------------------------------
     _______. _______ .______       _______ .__   __.  __  .___________.____    ____ 
    /       ||   ____||   _  \     |   ____||  \ |  | |  | |           |\   \  /   / 
   |   (----`|  |__   |  |_)  |    |  |__   |   \|  | |  | `---|  |----` \   \/   /  
    \   \    |   __|  |      /     |   __|  |  . `  | |  |     |  |       \_    _/   
.----)   |   |  |____ |  |\  \----.|  |____ |  |\   | |  |     |  |         |  |     
|_______/    |_______|| _| `._____||_______||__| \__| |__|     |__|         |__|    
                                                                                     
 News and tutorials at http://www.serenity-bdd.info                                  
 Documentation at https://wakaleo.gitbooks.io/the-serenity-book/content/             
 Join the Serenity Community on Rocket Chat at https://serenity-bdd.rocket.chat      
 Serenity BDD Support and Training at http://serenity-bdd.info/#/trainingandsupport  
 Learn Serenity BDD online at http://serenity-dojo.com                               
-------------------------------------------------------------------------------------
?[0m
[Test worker] INFO net.thucydides.core.steps.ConsoleLoggingListener - Test Suite Started: realizar el proceso de compra completo
[Test worker] INFO net.thucydides.core.steps.ConsoleLoggingListener - 
 _____ _____ ____ _____   ____ _____  _    ____ _____ _____ ____  
|_   _| ____/ ___|_   _| / ___|_   _|/ \  |  _ \_   _| ____|  _ \ 
  | | |  _| \___ \ | |   \___ \ | | / _ \ | |_) || | |  _| | | | |
  | | | |___ ___) || |    ___) || |/ ___ \|  _ < | | | |___| |_| |
  |_| |_____|____/ |_|   |____/ |_/_/   \_\_| \_\|_| |_____|____/ 
                                                                  

TEST STARTED: ana inicia se registra en la pagina y realiza una compra exitosamente
-------------------------------------------------------------------(realizar-el-proceso-de-compra-completo;ana-inicia-se-registra-en-la-pagina-y-realiza-una-compra-exitosamente)
[Test worker] INFO net.thucydides.core.steps.ConsoleLoggingListener - STARTING STEP Example: {nombre=Luis Fernando, apellido=Mercado, telefono=3185548721, email=correo@correo.com}
]]></system-err>
</testsuite>
